<?xml version="1.0" encoding="UTF-8"?>
<testsuite name="com.bookshop.orderservice.book.BookClientTests" tests="2" skipped="0" failures="0" errors="0" timestamp="2024-11-15T19:34:14" hostname="ValeriedeMacBook-Pro.local" time="0.214">
  <properties/>
  <testcase name="whenBookNotExistsThenReturnEmpty()" classname="com.bookshop.orderservice.book.BookClientTests" time="0.204"/>
  <testcase name="whenBookExistsThenReturnBook()" classname="com.bookshop.orderservice.book.BookClientTests" time="0.01"/>
  <system-out><![CDATA[]]></system-out>
  <system-err><![CDATA[]]></system-err>
</testsuite>
