<?xml version="1.0" encoding="UTF-8"?>
<testsuite name="com.bookshop.orderservice.order.web.OrderJsonTests" tests="1" skipped="0" failures="0" errors="0" timestamp="2024-11-15T19:34:16" hostname="ValeriedeMacBook-Pro.local" time="0.018">
  <properties/>
  <testcase name="testSerialize()" classname="com.bookshop.orderservice.order.web.OrderJsonTests" time="0.018"/>
  <system-out><![CDATA[2024-11-16T03:34:16.530+08:00  INFO 83809 --- [order-service] [    Test worker] t.c.s.AnnotationConfigContextLoaderUtils : Could not detect default configuration classes for test class [com.bookshop.orderservice.order.web.OrderJsonTests]: OrderJsonTests does not declare any static, non-private, non-final, nested classes annotated with @Configuration.
2024-11-16T03:34:16.538+08:00  INFO 83809 --- [order-service] [    Test worker] .b.t.c.SpringBootTestContextBootstrapper : Found @SpringBootConfiguration com.bookshop.orderservice.OrderServiceApplication for test class com.bookshop.orderservice.order.web.OrderJsonTests

  .   ____          _            __ _ _
 /\\ / ___'_ __ _ _(_)_ __  __ _ \ \ \ \
( ( )\___ | '_ | '_| | '_ \/ _` | \ \ \ \
 \\/  ___)| |_)| | | | | || (_| |  ) ) ) )
  '  |____| .__|_| |_|_| |_\__, | / / / /
 =========|_|==============|___/=/_/_/_/

 :: Spring Boot ::                (v3.3.5)

2024-11-16T03:34:16.589+08:00  WARN 83809 --- [order-service] [    Test worker] ory$DuplicateJsonObjectContextCustomizer : 

Found multiple occurrences of org.json.JSONObject on the class path:

	jar:file:/Users/valeriefan/.gradle/caches/modules-2/files-2.1/com.vaadin.external.google/android-json/0.0.20131108.vaadin1/fa26d351fe62a6a17f5cda1287c1c6110dec413f/android-json-0.0.20131108.vaadin1.jar!/org/json/JSONObject.class
	jar:file:/Users/valeriefan/.gradle/caches/modules-2/files-2.1/org.json/json/20240303/ebb88e8fb5122b7506d5cf1d69f1ccdb790d22a/json-20240303.jar!/org/json/JSONObject.class

You may wish to exclude one of them to ensure predictable runtime behavior

2024-11-16T03:34:16.590+08:00  INFO 83809 --- [order-service] [    Test worker] c.b.o.order.web.OrderJsonTests           : Starting OrderJsonTests using Java 17.0.13 with PID 83809 (started by valeriefan in /Users/valeriefan/Desktop/bookshop/order-service)
2024-11-16T03:34:16.591+08:00  INFO 83809 --- [order-service] [    Test worker] c.b.o.order.web.OrderJsonTests           : No active profile set, falling back to 1 default profile: "default"
2024-11-16T03:34:16.593+08:00  INFO 83809 --- [order-service] [    Test worker] o.s.c.c.c.ConfigServerConfigDataLoader   : Fetching config from server at : http://localhost:8888
2024-11-16T03:34:16.593+08:00  INFO 83809 --- [order-service] [    Test worker] o.s.c.c.c.ConfigServerConfigDataLoader   : Exception on Url - http://localhost:8888:org.springframework.web.client.ResourceAccessException: I/O error on GET request for "http://localhost:8888/order-service/default": Connection refused. Will be trying the next url if available
2024-11-16T03:34:16.593+08:00  WARN 83809 --- [order-service] [    Test worker] o.s.c.c.c.ConfigServerConfigDataLoader   : Could not locate PropertySource ([ConfigServerConfigDataResource@45fa7f1a uris = array<String>['http://localhost:8888'], optional = true, profiles = 'default']): I/O error on GET request for "http://localhost:8888/order-service/default": Connection refused
2024-11-16T03:34:16.593+08:00  INFO 83809 --- [order-service] [    Test worker] o.s.c.c.c.ConfigServerConfigDataLoader   : Fetching config from server at : http://localhost:8888
2024-11-16T03:34:16.593+08:00  INFO 83809 --- [order-service] [    Test worker] o.s.c.c.c.ConfigServerConfigDataLoader   : Exception on Url - http://localhost:8888:org.springframework.web.client.ResourceAccessException: I/O error on GET request for "http://localhost:8888/order-service/default": Connection refused. Will be trying the next url if available
2024-11-16T03:34:16.593+08:00  WARN 83809 --- [order-service] [    Test worker] o.s.c.c.c.ConfigServerConfigDataLoader   : Could not locate PropertySource ([ConfigServerConfigDataResource@44264fb6 uris = array<String>['http://localhost:8888'], optional = true, profiles = 'default']): I/O error on GET request for "http://localhost:8888/order-service/default": Connection refused
2024-11-16T03:34:16.593+08:00  INFO 83809 --- [order-service] [    Test worker] o.s.c.c.c.ConfigServerConfigDataLoader   : Fetching config from server at : http://localhost:8888
2024-11-16T03:34:16.593+08:00  INFO 83809 --- [order-service] [    Test worker] o.s.c.c.c.ConfigServerConfigDataLoader   : Exception on Url - http://localhost:8888:org.springframework.web.client.ResourceAccessException: I/O error on GET request for "http://localhost:8888/order-service/default": Connection refused. Will be trying the next url if available
2024-11-16T03:34:16.593+08:00  WARN 83809 --- [order-service] [    Test worker] o.s.c.c.c.ConfigServerConfigDataLoader   : Could not locate PropertySource ([ConfigServerConfigDataResource@90efbba uris = array<String>['http://localhost:8888'], optional = true, profiles = 'default']): I/O error on GET request for "http://localhost:8888/order-service/default": Connection refused
2024-11-16T03:34:16.683+08:00  INFO 83809 --- [order-service] [    Test worker] c.b.o.order.web.OrderJsonTests           : Started OrderJsonTests in 0.142 seconds (process running for 6.815)
]]></system-out>
  <system-err><![CDATA[]]></system-err>
</testsuite>
