<?xml version="1.0" encoding="UTF-8"?>
<testsuite name="com.bookshop.orderservice.order.domain.OrderRepositoryR2dbcTests" tests="2" skipped="0" failures="0" errors="0" timestamp="2024-11-15T19:34:15" hostname="ValeriedeMacBook-Pro.local" time="0.135">
  <properties/>
  <testcase name="createRejectedOrder()" classname="com.bookshop.orderservice.order.domain.OrderRepositoryR2dbcTests" time="0.122"/>
  <testcase name="findOrderByIdWhenNotExisting()" classname="com.bookshop.orderservice.order.domain.OrderRepositoryR2dbcTests" time="0.013"/>
  <system-out><![CDATA[2024-11-16T03:34:14.546+08:00  INFO 83809 --- [order-service] [    Test worker] t.c.s.AnnotationConfigContextLoaderUtils : Could not detect default configuration classes for test class [com.bookshop.orderservice.order.domain.OrderRepositoryR2dbcTests]: OrderRepositoryR2dbcTests does not declare any static, non-private, non-final, nested classes annotated with @Configuration.
2024-11-16T03:34:14.553+08:00  INFO 83809 --- [order-service] [    Test worker] .b.t.c.SpringBootTestContextBootstrapper : Found @SpringBootConfiguration com.bookshop.orderservice.OrderServiceApplication for test class com.bookshop.orderservice.order.domain.OrderRepositoryR2dbcTests
2024-11-16T03:34:14.555+08:00  INFO 83809 --- [order-service] [    Test worker] tc.postgres:14.12                        : Creating container for image: postgres:14.12
2024-11-16T03:34:14.615+08:00  INFO 83809 --- [order-service] [    Test worker] tc.postgres:14.12                        : Container postgres:14.12 is starting: e664dcb03c0fb79295c598ed13616acf75cca713baad0295ab3f00c17265cd6f
2024-11-16T03:34:15.488+08:00  INFO 83809 --- [order-service] [    Test worker] tc.postgres:14.12                        : Container postgres:14.12 started in PT0.933221S
2024-11-16T03:34:15.489+08:00  INFO 83809 --- [order-service] [    Test worker] tc.postgres:14.12                        : Container is started (JDBC URL: jdbc:postgresql://localhost:49910/test?loggerLevel=OFF)

  .   ____          _            __ _ _
 /\\ / ___'_ __ _ _(_)_ __  __ _ \ \ \ \
( ( )\___ | '_ | '_| | '_ \/ _` | \ \ \ \
 \\/  ___)| |_)| | | | | || (_| |  ) ) ) )
  '  |____| .__|_| |_|_| |_\__, | / / / /
 =========|_|==============|___/=/_/_/_/

 :: Spring Boot ::                (v3.3.5)

2024-11-16T03:34:15.519+08:00  WARN 83809 --- [order-service] [    Test worker] ory$DuplicateJsonObjectContextCustomizer : 

Found multiple occurrences of org.json.JSONObject on the class path:

	jar:file:/Users/valeriefan/.gradle/caches/modules-2/files-2.1/com.vaadin.external.google/android-json/0.0.20131108.vaadin1/fa26d351fe62a6a17f5cda1287c1c6110dec413f/android-json-0.0.20131108.vaadin1.jar!/org/json/JSONObject.class
	jar:file:/Users/valeriefan/.gradle/caches/modules-2/files-2.1/org.json/json/20240303/ebb88e8fb5122b7506d5cf1d69f1ccdb790d22a/json-20240303.jar!/org/json/JSONObject.class

You may wish to exclude one of them to ensure predictable runtime behavior

2024-11-16T03:34:15.520+08:00  INFO 83809 --- [order-service] [    Test worker] c.b.o.o.d.OrderRepositoryR2dbcTests      : Starting OrderRepositoryR2dbcTests using Java 17.0.13 with PID 83809 (started by valeriefan in /Users/valeriefan/Desktop/bookshop/order-service)
2024-11-16T03:34:15.521+08:00  INFO 83809 --- [order-service] [    Test worker] c.b.o.o.d.OrderRepositoryR2dbcTests      : No active profile set, falling back to 1 default profile: "default"
2024-11-16T03:34:15.521+08:00  INFO 83809 --- [order-service] [    Test worker] o.s.c.c.c.ConfigServerConfigDataLoader   : Fetching config from server at : http://localhost:8888
2024-11-16T03:34:15.521+08:00  INFO 83809 --- [order-service] [    Test worker] o.s.c.c.c.ConfigServerConfigDataLoader   : Exception on Url - http://localhost:8888:org.springframework.web.client.ResourceAccessException: I/O error on GET request for "http://localhost:8888/order-service/default": Connection refused. Will be trying the next url if available
2024-11-16T03:34:15.522+08:00  WARN 83809 --- [order-service] [    Test worker] o.s.c.c.c.ConfigServerConfigDataLoader   : Could not locate PropertySource ([ConfigServerConfigDataResource@7f9083b4 uris = array<String>['http://localhost:8888'], optional = true, profiles = 'default']): I/O error on GET request for "http://localhost:8888/order-service/default": Connection refused
2024-11-16T03:34:15.522+08:00  INFO 83809 --- [order-service] [    Test worker] o.s.c.c.c.ConfigServerConfigDataLoader   : Fetching config from server at : http://localhost:8888
2024-11-16T03:34:15.522+08:00  INFO 83809 --- [order-service] [    Test worker] o.s.c.c.c.ConfigServerConfigDataLoader   : Exception on Url - http://localhost:8888:org.springframework.web.client.ResourceAccessException: I/O error on GET request for "http://localhost:8888/order-service/default": Connection refused. Will be trying the next url if available
2024-11-16T03:34:15.522+08:00  WARN 83809 --- [order-service] [    Test worker] o.s.c.c.c.ConfigServerConfigDataLoader   : Could not locate PropertySource ([ConfigServerConfigDataResource@40f40221 uris = array<String>['http://localhost:8888'], optional = true, profiles = 'default']): I/O error on GET request for "http://localhost:8888/order-service/default": Connection refused
2024-11-16T03:34:15.522+08:00  INFO 83809 --- [order-service] [    Test worker] o.s.c.c.c.ConfigServerConfigDataLoader   : Fetching config from server at : http://localhost:8888
2024-11-16T03:34:15.522+08:00  INFO 83809 --- [order-service] [    Test worker] o.s.c.c.c.ConfigServerConfigDataLoader   : Exception on Url - http://localhost:8888:org.springframework.web.client.ResourceAccessException: I/O error on GET request for "http://localhost:8888/order-service/default": Connection refused. Will be trying the next url if available
2024-11-16T03:34:15.522+08:00  WARN 83809 --- [order-service] [    Test worker] o.s.c.c.c.ConfigServerConfigDataLoader   : Could not locate PropertySource ([ConfigServerConfigDataResource@16441c13 uris = array<String>['http://localhost:8888'], optional = true, profiles = 'default']): I/O error on GET request for "http://localhost:8888/order-service/default": Connection refused
2024-11-16T03:34:15.554+08:00  INFO 83809 --- [order-service] [    Test worker] .s.d.r.c.RepositoryConfigurationDelegate : Bootstrapping Spring Data R2DBC repositories in DEFAULT mode.
2024-11-16T03:34:15.557+08:00  INFO 83809 --- [order-service] [    Test worker] .s.d.r.c.RepositoryConfigurationDelegate : Finished Spring Data repository scanning in 2 ms. Found 1 R2DBC repository interface.
2024-11-16T03:34:15.623+08:00  INFO 83809 --- [order-service] [    Test worker] org.flywaydb.core.FlywayExecutor         : Database: jdbc:postgresql://localhost:49910/test (PostgreSQL 14.12)
2024-11-16T03:34:15.630+08:00  INFO 83809 --- [order-service] [    Test worker] o.f.c.i.s.JdbcTableSchemaHistory         : Schema history table "public"."flyway_schema_history" does not exist yet
2024-11-16T03:34:15.631+08:00  INFO 83809 --- [order-service] [    Test worker] o.f.core.internal.command.DbValidate     : Successfully validated 1 migration (execution time 00:00.002s)
2024-11-16T03:34:15.639+08:00  INFO 83809 --- [order-service] [    Test worker] o.f.c.i.s.JdbcTableSchemaHistory         : Creating Schema History table "public"."flyway_schema_history" ...
2024-11-16T03:34:15.663+08:00  INFO 83809 --- [order-service] [    Test worker] o.f.core.internal.command.DbMigrate      : Current version of schema "public": << Empty Schema >>
2024-11-16T03:34:15.666+08:00  INFO 83809 --- [order-service] [    Test worker] o.f.core.internal.command.DbMigrate      : Migrating schema "public" to version "1 - Initial  schema"
2024-11-16T03:34:15.676+08:00  INFO 83809 --- [order-service] [    Test worker] o.f.core.internal.command.DbMigrate      : Successfully applied 1 migration to schema "public", now at version v1 (execution time 00:00.004s)
2024-11-16T03:34:15.681+08:00  INFO 83809 --- [order-service] [    Test worker] c.b.o.o.d.OrderRepositoryR2dbcTests      : Started OrderRepositoryR2dbcTests in 0.187 seconds (process running for 5.813)
]]></system-out>
  <system-err><![CDATA[]]></system-err>
</testsuite>
