<?xml version="1.0" encoding="UTF-8"?>
<testsuite name="com.bookshop.orderservice.OrderServiceApplicationTests" tests="1" skipped="0" failures="0" errors="0" timestamp="2024-11-15T19:29:31" hostname="ValeriedeMacBook-Pro.local" time="0.383">
  <properties/>
  <testcase name="contextLoads()" classname="com.bookshop.orderservice.OrderServiceApplicationTests" time="0.383"/>
  <system-out><![CDATA[Standard Commons Logging discovery in action with spring-jcl: please remove commons-logging.jar from classpath in order to avoid potential conflicts
03:29:27.982 [Test worker] INFO org.springframework.test.context.support.AnnotationConfigContextLoaderUtils -- Could not detect default configuration classes for test class [com.bookshop.orderservice.OrderServiceApplicationTests]: OrderServiceApplicationTests does not declare any static, non-private, non-final, nested classes annotated with @Configuration.
03:29:28.026 [Test worker] INFO org.springframework.boot.test.context.SpringBootTestContextBootstrapper -- Found @SpringBootConfiguration com.bookshop.orderservice.OrderServiceApplication for test class com.bookshop.orderservice.OrderServiceApplicationTests

  .   ____          _            __ _ _
 /\\ / ___'_ __ _ _(_)_ __  __ _ \ \ \ \
( ( )\___ | '_ | '_| | '_ \/ _` | \ \ \ \
 \\/  ___)| |_)| | | | | || (_| |  ) ) ) )
  '  |____| .__|_| |_|_| |_\__, | / / / /
 =========|_|==============|___/=/_/_/_/

 :: Spring Boot ::                (v3.3.5)

2024-11-16T03:29:28.341+08:00  WARN 83389 --- [order-service] [    Test worker] ory$DuplicateJsonObjectContextCustomizer : 

Found multiple occurrences of org.json.JSONObject on the class path:

	jar:file:/Users/valeriefan/.gradle/caches/modules-2/files-2.1/com.vaadin.external.google/android-json/0.0.20131108.vaadin1/fa26d351fe62a6a17f5cda1287c1c6110dec413f/android-json-0.0.20131108.vaadin1.jar!/org/json/JSONObject.class
	jar:file:/Users/valeriefan/.gradle/caches/modules-2/files-2.1/org.json/json/20240303/ebb88e8fb5122b7506d5cf1d69f1ccdb790d22a/json-20240303.jar!/org/json/JSONObject.class

You may wish to exclude one of them to ensure predictable runtime behavior

2024-11-16T03:29:28.347+08:00  INFO 83389 --- [order-service] [    Test worker] c.b.o.OrderServiceApplicationTests       : Starting OrderServiceApplicationTests using Java 17.0.13 with PID 83389 (started by valeriefan in /Users/valeriefan/Desktop/bookshop/order-service)
2024-11-16T03:29:28.348+08:00  INFO 83389 --- [order-service] [    Test worker] c.b.o.OrderServiceApplicationTests       : No active profile set, falling back to 1 default profile: "default"
2024-11-16T03:29:28.357+08:00  INFO 83389 --- [order-service] [    Test worker] o.s.c.c.c.ConfigServerConfigDataLoader   : Fetching config from server at : http://localhost:8888
2024-11-16T03:29:28.357+08:00  INFO 83389 --- [order-service] [    Test worker] o.s.c.c.c.ConfigServerConfigDataLoader   : Exception on Url - http://localhost:8888:org.springframework.web.client.ResourceAccessException: I/O error on GET request for "http://localhost:8888/order-service/default": Connection refused. Will be trying the next url if available
2024-11-16T03:29:28.358+08:00  WARN 83389 --- [order-service] [    Test worker] o.s.c.c.c.ConfigServerConfigDataLoader   : Could not locate PropertySource ([ConfigServerConfigDataResource@7fb29ca9 uris = array<String>['http://localhost:8888'], optional = true, profiles = 'default']): I/O error on GET request for "http://localhost:8888/order-service/default": Connection refused
2024-11-16T03:29:28.358+08:00  INFO 83389 --- [order-service] [    Test worker] o.s.c.c.c.ConfigServerConfigDataLoader   : Fetching config from server at : http://localhost:8888
2024-11-16T03:29:28.358+08:00  INFO 83389 --- [order-service] [    Test worker] o.s.c.c.c.ConfigServerConfigDataLoader   : Exception on Url - http://localhost:8888:org.springframework.web.client.ResourceAccessException: I/O error on GET request for "http://localhost:8888/order-service/default": Connection refused. Will be trying the next url if available
2024-11-16T03:29:28.358+08:00  WARN 83389 --- [order-service] [    Test worker] o.s.c.c.c.ConfigServerConfigDataLoader   : Could not locate PropertySource ([ConfigServerConfigDataResource@2f4c2cd4 uris = array<String>['http://localhost:8888'], optional = true, profiles = 'default']): I/O error on GET request for "http://localhost:8888/order-service/default": Connection refused
2024-11-16T03:29:28.358+08:00  INFO 83389 --- [order-service] [    Test worker] o.s.c.c.c.ConfigServerConfigDataLoader   : Fetching config from server at : http://localhost:8888
2024-11-16T03:29:28.358+08:00  INFO 83389 --- [order-service] [    Test worker] o.s.c.c.c.ConfigServerConfigDataLoader   : Exception on Url - http://localhost:8888:org.springframework.web.client.ResourceAccessException: I/O error on GET request for "http://localhost:8888/order-service/default": Connection refused. Will be trying the next url if available
2024-11-16T03:29:28.358+08:00  WARN 83389 --- [order-service] [    Test worker] o.s.c.c.c.ConfigServerConfigDataLoader   : Could not locate PropertySource ([ConfigServerConfigDataResource@77a074b4 uris = array<String>['http://localhost:8888'], optional = true, profiles = 'default']): I/O error on GET request for "http://localhost:8888/order-service/default": Connection refused
2024-11-16T03:29:28.579+08:00  INFO 83389 --- [order-service] [    Test worker] .s.d.r.c.RepositoryConfigurationDelegate : Bootstrapping Spring Data R2DBC repositories in DEFAULT mode.
2024-11-16T03:29:28.628+08:00  INFO 83389 --- [order-service] [    Test worker] .s.d.r.c.RepositoryConfigurationDelegate : Finished Spring Data repository scanning in 47 ms. Found 1 R2DBC repository interface.
2024-11-16T03:29:28.691+08:00  INFO 83389 --- [order-service] [    Test worker] faultConfiguringBeanFactoryPostProcessor : No bean named 'errorChannel' has been explicitly defined. Therefore, a default PublishSubscribeChannel will be created.
2024-11-16T03:29:28.694+08:00  INFO 83389 --- [order-service] [    Test worker] faultConfiguringBeanFactoryPostProcessor : No bean named 'integrationHeaderChannelRegistry' has been explicitly defined. Therefore, a default DefaultHeaderChannelRegistry will be created.
2024-11-16T03:29:28.740+08:00  INFO 83389 --- [order-service] [    Test worker] o.s.cloud.context.scope.GenericScope     : BeanFactory id=632faf7e-0bab-3c82-bbbc-96db50a91ad4
2024-11-16T03:29:28.804+08:00  INFO 83389 --- [order-service] [    Test worker] org.testcontainers.images.PullPolicy     : Image pull policy will be performed by: DefaultPullPolicy()
2024-11-16T03:29:28.805+08:00  INFO 83389 --- [order-service] [    Test worker] o.t.utility.ImageNameSubstitutor         : Image name substitution will be performed by: DefaultImageNameSubstitutor (composite of 'ConfigurationFileImageNameSubstitutor' and 'PrefixingImageNameSubstitutor')
2024-11-16T03:29:28.880+08:00  INFO 83389 --- [order-service] [    Test worker] o.t.d.DockerClientProviderStrategy       : Loaded org.testcontainers.dockerclient.UnixSocketClientProviderStrategy from ~/.testcontainers.properties, will try it first
2024-11-16T03:29:28.975+08:00  INFO 83389 --- [order-service] [    Test worker] o.t.d.DockerClientProviderStrategy       : Found Docker environment with local Unix socket (unix:///var/run/docker.sock)
2024-11-16T03:29:28.976+08:00  INFO 83389 --- [order-service] [    Test worker] org.testcontainers.DockerClientFactory   : Docker host IP address is localhost
2024-11-16T03:29:28.992+08:00  INFO 83389 --- [order-service] [    Test worker] org.testcontainers.DockerClientFactory   : Connected to docker: 
  Server Version: 26.1.4
  API Version: 1.45
  Operating System: Docker Desktop
  Total Memory: 11952 MB
2024-11-16T03:29:29.016+08:00  INFO 83389 --- [order-service] [    Test worker] tc.testcontainers/ryuk:0.7.0             : Creating container for image: testcontainers/ryuk:0.7.0
2024-11-16T03:29:29.164+08:00  INFO 83389 --- [order-service] [    Test worker] tc.testcontainers/ryuk:0.7.0             : Container testcontainers/ryuk:0.7.0 is starting: d047919981acdd118330e31d4dc78c29891d6c53b820561579ab7b3989ea5abe
2024-11-16T03:29:29.455+08:00  INFO 83389 --- [order-service] [    Test worker] tc.testcontainers/ryuk:0.7.0             : Container testcontainers/ryuk:0.7.0 started in PT0.438779S
2024-11-16T03:29:29.460+08:00  INFO 83389 --- [order-service] [    Test worker] o.t.utility.RyukResourceReaper           : Ryuk started - will monitor and terminate Testcontainers containers on JVM exit
2024-11-16T03:29:29.460+08:00  INFO 83389 --- [order-service] [    Test worker] org.testcontainers.DockerClientFactory   : Checking the system...
2024-11-16T03:29:29.460+08:00  INFO 83389 --- [order-service] [    Test worker] org.testcontainers.DockerClientFactory   : ✔︎ Docker server version should be at least 1.6.0
2024-11-16T03:29:29.466+08:00  INFO 83389 --- [order-service] [    Test worker] tc.postgres:latest                       : Creating container for image: postgres:latest
2024-11-16T03:29:29.493+08:00  INFO 83389 --- [order-service] [    Test worker] tc.postgres:latest                       : Container postgres:latest is starting: 8c7ec2a4484f25915088c35077fc7aa37de0516dbce6305b594f65e8838d4fe5
2024-11-16T03:29:30.335+08:00  INFO 83389 --- [order-service] [    Test worker] tc.postgres:latest                       : Container postgres:latest started in PT0.86968S
2024-11-16T03:29:30.336+08:00  INFO 83389 --- [order-service] [    Test worker] tc.postgres:latest                       : Container is started (JDBC URL: jdbc:postgresql://localhost:65527/test?loggerLevel=OFF)
2024-11-16T03:29:30.955+08:00  INFO 83389 --- [order-service] [    Test worker] org.flywaydb.core.FlywayExecutor         : Database: jdbc:postgresql://localhost:65527/test (PostgreSQL 17.1)
2024-11-16T03:29:30.962+08:00  WARN 83389 --- [order-service] [    Test worker] o.f.c.internal.database.base.Database    : Flyway upgrade recommended: PostgreSQL 17.1 is newer than this version of Flyway and support has not been tested. The latest supported version of PostgreSQL is 16.
2024-11-16T03:29:30.972+08:00  INFO 83389 --- [order-service] [    Test worker] o.f.c.i.s.JdbcTableSchemaHistory         : Schema history table "public"."flyway_schema_history" does not exist yet
2024-11-16T03:29:30.973+08:00  INFO 83389 --- [order-service] [    Test worker] o.f.core.internal.command.DbValidate     : Successfully validated 1 migration (execution time 00:00.006s)
2024-11-16T03:29:30.985+08:00  INFO 83389 --- [order-service] [    Test worker] o.f.c.i.s.JdbcTableSchemaHistory         : Creating Schema History table "public"."flyway_schema_history" ...
2024-11-16T03:29:31.026+08:00  INFO 83389 --- [order-service] [    Test worker] o.f.core.internal.command.DbMigrate      : Current version of schema "public": << Empty Schema >>
2024-11-16T03:29:31.030+08:00  INFO 83389 --- [order-service] [    Test worker] o.f.core.internal.command.DbMigrate      : Migrating schema "public" to version "1 - Initial  schema"
2024-11-16T03:29:31.048+08:00  INFO 83389 --- [order-service] [    Test worker] o.f.core.internal.command.DbMigrate      : Successfully applied 1 migration to schema "public", now at version v1 (execution time 00:00.006s)
2024-11-16T03:29:31.180+08:00  INFO 83389 --- [order-service] [    Test worker] o.s.i.endpoint.EventDrivenConsumer       : Adding {logging-channel-adapter:_org.springframework.integration.errorLogger} as a subscriber to the 'errorChannel' channel
2024-11-16T03:29:31.180+08:00  INFO 83389 --- [order-service] [    Test worker] o.s.i.channel.PublishSubscribeChannel    : Channel 'order-service.errorChannel' has 1 subscriber(s).
2024-11-16T03:29:31.181+08:00  INFO 83389 --- [order-service] [    Test worker] o.s.i.endpoint.EventDrivenConsumer       : started bean '_org.springframework.integration.errorLogger'
2024-11-16T03:29:31.562+08:00  INFO 83389 --- [order-service] [    Test worker] o.s.c.s.binder.DefaultBinderFactory      : Creating binder: rabbit
2024-11-16T03:29:31.563+08:00  INFO 83389 --- [order-service] [    Test worker] o.s.c.s.binder.DefaultBinderFactory      : Constructing binder child context for rabbit
2024-11-16T03:29:31.598+08:00  INFO 83389 --- [order-service] [    Test worker] o.s.c.s.binder.DefaultBinderFactory      : Caching the binder: rabbit
2024-11-16T03:29:31.601+08:00  INFO 83389 --- [order-service] [    Test worker] c.s.b.r.p.RabbitExchangeQueueProvisioner : declaring queue for inbound: order-dispatched.order-service, bound to: order-dispatched
2024-11-16T03:29:31.603+08:00  INFO 83389 --- [order-service] [    Test worker] o.s.a.r.c.CachingConnectionFactory       : Attempting to connect to: [localhost:5672]
2024-11-16T03:29:31.605+08:00  INFO 83389 --- [order-service] [    Test worker] o.s.a.r.c.CachingConnectionFactory       : Attempting to connect to: [localhost:5672]
2024-11-16T03:29:31.606+08:00  INFO 83389 --- [order-service] [    Test worker] o.s.a.r.c.CachingConnectionFactory       : Attempting to connect to: [localhost:5672]
2024-11-16T03:29:31.611+08:00  INFO 83389 --- [order-service] [    Test worker] o.s.c.stream.binder.BinderErrorChannel   : Channel 'rabbit-1494342949.dispatchOrder-in-0.errors' has 1 subscriber(s).
2024-11-16T03:29:31.611+08:00  INFO 83389 --- [order-service] [    Test worker] o.s.c.stream.binder.BinderErrorChannel   : Channel 'rabbit-1494342949.dispatchOrder-in-0.errors' has 2 subscriber(s).
2024-11-16T03:29:31.612+08:00  INFO 83389 --- [order-service] [    Test worker] o.s.a.r.c.CachingConnectionFactory       : Attempting to connect to: [localhost:5672]
2024-11-16T03:29:31.612+08:00  INFO 83389 --- [order-service] [    Test worker] o.s.a.r.l.SimpleMessageListenerContainer : Broker not available; cannot force queue declarations during start: java.net.ConnectException: Connection refused
2024-11-16T03:29:31.614+08:00  INFO 83389 --- [order-service] [order-service-1] o.s.a.r.c.CachingConnectionFactory       : Attempting to connect to: [localhost:5672]
2024-11-16T03:29:31.615+08:00  INFO 83389 --- [order-service] [    Test worker] o.s.i.a.i.AmqpInboundChannelAdapter      : started bean 'inbound.order-dispatched.order-service'
2024-11-16T03:29:31.620+08:00  INFO 83389 --- [order-service] [    Test worker] c.b.o.OrderServiceApplicationTests       : Started OrderServiceApplicationTests in 3.547 seconds (process running for 3.979)
]]></system-out>
  <system-err><![CDATA[]]></system-err>
</testsuite>
